

<!DOCTYPE html>
<html>
<head>
<meta charset="UTF-8">
<meta name="viewport" content="width=device-width, initial-scale=1, shrink-to-fit=no">
<title></title>
<link rel="apple-touch-icon" href="https://cdn.jsdelivr.net/gh/extent-framework/extent-github-cdn@b00a2d0486596e73dd7326beacf352c639623a0e/commons/img/logo.png">
<link rel="shortcut icon" href="https://cdn.jsdelivr.net/gh/extent-framework/extent-github-cdn@b00a2d0486596e73dd7326beacf352c639623a0e/commons/img/logo.png">
<link href="https://cdn.jsdelivr.net/gh/extent-framework/extent-github-cdn@d6562a79075e061305ccfdb82f01e5e195e2d307/spark/css/spark-style.css" rel="stylesheet" />
<link href="https://stackpath.bootstrapcdn.com/font-awesome/4.7.0/css/font-awesome.min.css" rel="stylesheet">
<script src="https://cdn.jsdelivr.net/gh/extent-framework/extent-github-cdn@7cc78ce/spark/js/jsontree.js"></script>
<style type="text/css"></style></head><body class="spa bdd-report standard">
  <div class="app">
    <div class="layout">
<div class="header navbar">
<div class="vheader">
<div class="nav-logo">
<a href="#">
<div class="logo" style="background-image: url('https://cdn.jsdelivr.net/gh/extent-framework/extent-github-cdn@b00a2d0486596e73dd7326beacf352c639623a0e/commons/img/logo.png')"></div>
</a>
</div>
<ul class="nav-left">
<li class="search-box">
<a class="search-toggle" href="#">
<i class="search-icon fa fa-search"></i>
<i class="search-icon-close fa fa-close"></i>
</a>
</li>
<li class="search-input"><input id="search-tests" class="form-control" type="text" placeholder="Search..."></li>
</ul>
<ul class="nav-right">
<li class="m-r-10">
<a href="#"><span class="badge badge-primary"></span></a>
</li>
<li class="m-r-10">
<a href="#"><span class="badge badge-primary">Mar 4, 2024 08:00:01 pm</span></a>
</li>
</ul>
</div>
</div><div class="side-nav">
<div class="side-nav-inner">
<ul class="side-nav-menu">
<li class="nav-item dropdown" onclick="toggleView('test-view')">
<a id="nav-test" class="dropdown-toggle" href="#">
<span class="ico"><i class="fa fa-list"></i></span>
</a>
</li>
<li class="nav-item dropdown" onclick="toggleView('exception-view')">
<a id="nav-exception" class="dropdown-toggle" href="#">
<span class="ico"><i class="fa fa-bug"></i></span>
</a>
</li>
<li class="nav-item dropdown" onclick="toggleView('category-view')">
<a id="nav-category" class="dropdown-toggle" href="#">
<span class="ico"><i class="fa fa-tag"></i></span>
</a>
</li>
<li class="nav-item dropdown" onclick="toggleView('dashboard-view')">
<a id="nav-dashboard" class="dropdown-toggle" href="#">
<span class="ico"><i class="fa fa-bar-chart"></i></span>
</a>
</li>
</ul>
</div>
</div>      <div class="vcontainer">
        <div class="main-content">
<div class="test-wrapper row view test-view">
  <div class="test-list">
    <div class="test-list-tools">
<ul class="tools pull-left">
<li><a href="#"><span class="font-size-14">Tests</span></a></li>
</ul>
<ul class="tools text-right">
<li class="dropdown">
<a href="#" class="dropdown-toggle" data-toggle="dropdown"><i class="fa fa-exclamation-circle"></i></a>
<ul id="status-toggle" class="dropdown-menu dropdown-md p-v-0">
<a class="dropdown-item" status="fail" href="#"><span>Fail</span><span class="status danger"></span></a>
<div class="dropdown-divider"></div>
<a status="clear" class="dropdown-item" href="#"><span>Clear</span><span class="pull-right"><i class="fa fa-close"></i></span></a>
</ul>
</li>
<li class="dropdown">
<a href="#" class="dropdown-toggle" data-toggle="dropdown"><i class="fa fa-tag"></i></a>
<ul id="tag-toggle" class="dropdown-menu dropdown-md p-v-0">
<a class="dropdown-item" href="#">@HyperLink</a>
</ul>
</li>
</ul>
</div>    <div class="test-list-wrapper scrollable">
      <ul class="test-list-item">
        <li class="test-item"  status="fail" test-id="1"
          author=""
          tag=""
          device="">
          <div class="test-detail">
            <p class="name">HyperLink Validation</p>
            <p class="text-sm">
              <span>8:00:06 pm</span> / <span>01:00:55:169</span>
              <span class="badge fail-bg log float-right">Fail</span>
            </p>
          </div>
          <div class="test-contents d-none">
<div class="detail-head">
<div class="p-v-10">
<div class="info">
<h5 class="test-status text-fail">HyperLink Validation</h5>
<span class='badge badge-success'>03.04.2024 8:00:06 pm</span>
<span class='badge badge-danger'>03.04.2024 9:01:01 pm</span>
<span class='badge badge-default'>01:00:55:169</span>
&middot; <span class='uri-anchor badge badge-default'>#test-id=1</span>
<span class='badge badge-default pointer float-right ml-1 et'><i class="fa fa-chevron-down"></i></span>
<span class='badge badge-default pointer float-right ct'><i class="fa fa-chevron-up"></i></span>
</div>
<div class="m-t-10 m-l-5"></div>
</div>
</div>
<div class="accordion mt-4">
  <div class="card">
    <div class="card-header" role="tab">
      <div class="card-title">
        <div class="node" id="2"><span class="badge log pass-bg mr-2">Pass</span>Validate All Hyperlink On Main Navigation Panel For Non SignIn User</div>
      </div>
    </div>
        <div class="collapse">
          <div class="card-body">
              <div class="step pass-bg" title="com.voices.stepDefinition.HyperLinkPage.HyperLinkPageSteps.user_open_home_page()">
                <span>Given User Open Home Page</span>
      <div>
      </div>
              </div>
              <div class="step pass-bg" title="com.voices.stepDefinition.HyperLinkPage.HyperLinkPageSteps.user_click_on_how_it_works_link_and_validate_url()">
                <span>And User click on How it works link and validate url</span>
      <div>
      </div>
              </div>
              <div class="step pass-bg" title="com.voices.stepDefinition.HyperLinkPage.HyperLinkPageSteps.user_click_on_log_in_link_and_validate_url()">
                <span>And User click on log in link and validate url</span>
      <div>
      </div>
              </div>
              <div class="step pass-bg" title="com.voices.stepDefinition.HyperLinkPage.HyperLinkPageSteps.user_click_on_sign_up_link_and_validate_url()">
                <span>And User click on sign up link and validate url</span>
      <div>
      </div>
              </div>
          </div>
        </div>
  </div>
  <div class="card">
    <div class="card-header" role="tab">
      <div class="card-title">
        <div class="node" id="13"><span class="badge log pass-bg mr-2">Pass</span>Validate All Hyperlink On Sub Navigation Panel For Non SignIn User</div>
      </div>
    </div>
        <div class="collapse">
          <div class="card-body">
              <div class="step pass-bg" title="com.voices.stepDefinition.HyperLinkPage.HyperLinkPageSteps.user_open_home_page()">
                <span>Given User Open Home Page</span>
      <div>
      </div>
              </div>
              <div class="step pass-bg" title="com.voices.stepDefinition.HyperLinkPage.HyperLinkPageSteps.validate_all_sub_module_hyperlink()">
                <span>Then Validate all sub module hyperlink</span>
      <div>
      </div>
              </div>
          </div>
        </div>
  </div>
  <div class="card">
    <div class="card-header" role="tab">
      <div class="card-title">
        <div class="node" id="20"><span class="badge log fail-bg mr-2">Fail</span>Validate Sub Footer For Non SignIn User</div>
      </div>
    </div>
        <div class="">
          <div class="card-body">
              <div class="step pass-bg" title="com.voices.stepDefinition.HyperLinkPage.HyperLinkPageSteps.user_open_home_page()">
                <span>Given User Open Home Page</span>
      <div>
      </div>
              </div>
              <div class="step fail-bg" title="com.voices.stepDefinition.HyperLinkPage.HyperLinkPageSteps.user_validate_all_by_language_links_for_non_login_user()">
                <span>And User validate all by language links for non login user</span>
      <div>
        <textarea disabled class="code-block">org.openqa.selenium.TimeoutException: java.util.concurrent.TimeoutException
Build info: version: '4.17.0', revision: 'e52b1be057*'
System info: os.name: 'Windows 10', os.arch: 'amd64', os.version: '10.0', java.version: '17.0.10'
Driver info: org.openqa.selenium.chrome.ChromeDriver
Command: [03fc3183063e6968c0080353ee7df2c7, executeScript {script=window.scrollTo(0, document.body.scrollHeight), args=[]}]
Capabilities {acceptInsecureCerts: false, browserName: chrome, browserVersion: 122.0.6261.95, chrome: {chromedriverVersion: 122.0.6261.94 (880dbf29479c..., userDataDir: C:\Users\Micky\AppData\Loca...}, fedcm:accounts: true, goog:chromeOptions: {debuggerAddress: localhost:50700}, networkConnectionEnabled: false, pageLoadStrategy: normal, platformName: windows, proxy: Proxy(), se:cdp: ws://localhost:50700/devtoo..., se:cdpVersion: 122.0.6261.95, setWindowRect: true, strictFileInteractability: false, timeouts: {implicit: 0, pageLoad: 300000, script: 30000}, unhandledPromptBehavior: dismiss and notify, webauthn:extension:credBlob: true, webauthn:extension:largeBlob: true, webauthn:extension:minPinLength: true, webauthn:extension:prf: true, webauthn:virtualAuthenticators: true}
Session ID: 03fc3183063e6968c0080353ee7df2c7
	at org.openqa.selenium.remote.http.jdk.JdkHttpClient.execute0(JdkHttpClient.java:402)
	at org.openqa.selenium.remote.http.AddSeleniumUserAgent.lambda$apply$0(AddSeleniumUserAgent.java:42)
	at org.openqa.selenium.remote.http.Filter.lambda$andFinally$1(Filter.java:55)
	at org.openqa.selenium.remote.http.jdk.JdkHttpClient.execute(JdkHttpClient.java:358)
	at org.openqa.selenium.remote.HttpCommandExecutor.execute(HttpCommandExecutor.java:187)
	at org.openqa.selenium.remote.service.DriverCommandExecutor.invokeExecute(DriverCommandExecutor.java:216)
	at org.openqa.selenium.remote.service.DriverCommandExecutor.execute(DriverCommandExecutor.java:174)
	at org.openqa.selenium.remote.RemoteWebDriver.execute(RemoteWebDriver.java:519)
	at org.openqa.selenium.remote.RemoteWebDriver.executeScript(RemoteWebDriver.java:464)
	at com.voices.baseClass.BaseClass.scrollUpToBottomOfPage(BaseClass.java:586)
	at com.voices.pageObjects.HyperLinkPageObj.HyperLinkPage.validateSubFooterLinkForByLanguage(HyperLinkPage.java:549)
	at com.voices.stepDefinition.HyperLinkPage.HyperLinkPageSteps.user_validate_all_by_language_links_for_non_login_user(HyperLinkPageSteps.java:167)
	at ✽.User validate all by language links for non login user(file:///C:/Users/Micky/Desktop/e2e_local/e2e_voices_local/src/test/resources/features/HyperLink.feature:17)
Caused by: java.util.concurrent.TimeoutException
	at java.base/java.util.concurrent.CompletableFuture.timedGet(CompletableFuture.java:1960)
	at java.base/java.util.concurrent.CompletableFuture.get(CompletableFuture.java:2095)
	at org.openqa.selenium.remote.http.jdk.JdkHttpClient.execute0(JdkHttpClient.java:385)
	at org.openqa.selenium.remote.http.AddSeleniumUserAgent.lambda$apply$0(AddSeleniumUserAgent.java:42)
	at org.openqa.selenium.remote.http.Filter.lambda$andFinally$1(Filter.java:55)
	at org.openqa.selenium.remote.http.jdk.JdkHttpClient.execute(JdkHttpClient.java:358)
	at org.openqa.selenium.remote.HttpCommandExecutor.execute(HttpCommandExecutor.java:187)
	at org.openqa.selenium.remote.service.DriverCommandExecutor.invokeExecute(DriverCommandExecutor.java:216)
	at org.openqa.selenium.remote.service.DriverCommandExecutor.execute(DriverCommandExecutor.java:174)
	at org.openqa.selenium.remote.RemoteWebDriver.execute(RemoteWebDriver.java:519)
	at org.openqa.selenium.remote.RemoteWebDriver.executeScript(RemoteWebDriver.java:464)
	at com.voices.baseClass.BaseClass.scrollUpToBottomOfPage(BaseClass.java:586)
	at com.voices.pageObjects.HyperLinkPageObj.HyperLinkPage.validateSubFooterLinkForByLanguage(HyperLinkPage.java:549)
	at com.voices.stepDefinition.HyperLinkPage.HyperLinkPageSteps.user_validate_all_by_language_links_for_non_login_user(HyperLinkPageSteps.java:167)
	at java.base/jdk.internal.reflect.NativeMethodAccessorImpl.invoke0(Native Method)
	at java.base/jdk.internal.reflect.NativeMethodAccessorImpl.invoke(NativeMethodAccessorImpl.java:77)
	at java.base/jdk.internal.reflect.DelegatingMethodAccessorImpl.invoke(DelegatingMethodAccessorImpl.java:43)
	at java.base/java.lang.reflect.Method.invoke(Method.java:568)
	at io.cucumber.java.Invoker.doInvoke(Invoker.java:66)
	at io.cucumber.java.Invoker.invoke(Invoker.java:24)
	at io.cucumber.java.AbstractGlueDefinition.invokeMethod(AbstractGlueDefinition.java:47)
	at io.cucumber.java.JavaStepDefinition.execute(JavaStepDefinition.java:29)
	at io.cucumber.core.runner.CoreStepDefinition.execute(CoreStepDefinition.java:66)
	at io.cucumber.core.runner.PickleStepDefinitionMatch.runStep(PickleStepDefinitionMatch.java:63)
	at io.cucumber.core.runner.ExecutionMode$1.execute(ExecutionMode.java:10)
	at io.cucumber.core.runner.TestStep.executeStep(TestStep.java:84)
	at io.cucumber.core.runner.TestStep.run(TestStep.java:56)
	at io.cucumber.core.runner.PickleStepTestStep.run(PickleStepTestStep.java:51)
	at io.cucumber.core.runner.TestCase.run(TestCase.java:84)
	at io.cucumber.core.runner.Runner.runPickle(Runner.java:75)
	at io.cucumber.junit.PickleRunners$NoStepDescriptions.lambda$run$0(PickleRunners.java:151)
	at io.cucumber.core.runtime.CucumberExecutionContext.lambda$runTestCase$5(CucumberExecutionContext.java:130)
	at io.cucumber.core.runtime.RethrowingThrowableCollector.executeAndThrow(RethrowingThrowableCollector.java:23)
	at io.cucumber.core.runtime.CucumberExecutionContext.runTestCase(CucumberExecutionContext.java:130)
	at io.cucumber.junit.PickleRunners$NoStepDescriptions.run(PickleRunners.java:148)
	at io.cucumber.junit.FeatureRunner.runChild(FeatureRunner.java:144)
	at io.cucumber.junit.FeatureRunner.runChild(FeatureRunner.java:28)
	at org.junit.runners.ParentRunner$4.run(ParentRunner.java:331)
	at org.junit.runners.ParentRunner$1.schedule(ParentRunner.java:79)
	at org.junit.runners.ParentRunner.runChildren(ParentRunner.java:329)
	at org.junit.runners.ParentRunner.access$100(ParentRunner.java:66)
	at org.junit.runners.ParentRunner$2.evaluate(ParentRunner.java:293)
	at org.junit.runners.ParentRunner$3.evaluate(ParentRunner.java:306)
	at org.junit.runners.ParentRunner.run(ParentRunner.java:413)
	at io.cucumber.junit.FeatureRunner.run(FeatureRunner.java:137)
	at io.cucumber.junit.Cucumber.runChild(Cucumber.java:196)
	at io.cucumber.junit.Cucumber.runChild(Cucumber.java:89)
	at org.junit.runners.ParentRunner$4.run(ParentRunner.java:331)
	at org.junit.runners.ParentRunner$1.schedule(ParentRunner.java:79)
	at org.junit.runners.ParentRunner.runChildren(ParentRunner.java:329)
	at org.junit.runners.ParentRunner.access$100(ParentRunner.java:66)
	at org.junit.runners.ParentRunner$2.evaluate(ParentRunner.java:293)
	at io.cucumber.junit.Cucumber$RunBeforeAllHooks.evaluate(Cucumber.java:266)
	at io.cucumber.junit.Cucumber$RunAfterAllHooks.evaluate(Cucumber.java:281)
	at io.cucumber.junit.Cucumber$StartTestRun.evaluate(Cucumber.java:233)
	at io.cucumber.junit.Cucumber$FinishTestRun.evaluate(Cucumber.java:248)
	at org.junit.runners.ParentRunner$3.evaluate(ParentRunner.java:306)
	at org.junit.runners.ParentRunner.run(ParentRunner.java:413)
	at org.junit.runner.JUnitCore.run(JUnitCore.java:137)
	at com.intellij.junit4.JUnit4IdeaTestRunner.startRunnerWithArgs(JUnit4IdeaTestRunner.java:69)
	at com.intellij.rt.junit.IdeaTestRunner$Repeater$1.execute(IdeaTestRunner.java:38)
	at com.intellij.rt.execution.junit.TestsRepeater.repeat(TestsRepeater.java:11)
	at com.intellij.rt.junit.IdeaTestRunner$Repeater.startRunnerWithArgs(IdeaTestRunner.java:35)
	at com.intellij.rt.junit.JUnitStarter.prepareStreamsAndStart(JUnitStarter.java:232)
	at com.intellij.rt.junit.JUnitStarter.main(JUnitStarter.java:55)
</textarea>
      
      </div>
              </div>
              <div class="step fail-bg" title="AFTER_STEP">
                <span>com.voices.stepDefinition.Hooks.addScreenshot(io.cucumber.java.Scenario)</span>
      <div>
        <textarea disabled class="code-block">org.openqa.selenium.TimeoutException: java.util.concurrent.TimeoutException
Build info: version: '4.17.0', revision: 'e52b1be057*'
System info: os.name: 'Windows 10', os.arch: 'amd64', os.version: '10.0', java.version: '17.0.10'
Driver info: org.openqa.selenium.chrome.ChromeDriver
Command: [03fc3183063e6968c0080353ee7df2c7, screenshot {}]
Capabilities {acceptInsecureCerts: false, browserName: chrome, browserVersion: 122.0.6261.95, chrome: {chromedriverVersion: 122.0.6261.94 (880dbf29479c..., userDataDir: C:\Users\Micky\AppData\Loca...}, fedcm:accounts: true, goog:chromeOptions: {debuggerAddress: localhost:50700}, networkConnectionEnabled: false, pageLoadStrategy: normal, platformName: windows, proxy: Proxy(), se:cdp: ws://localhost:50700/devtoo..., se:cdpVersion: 122.0.6261.95, setWindowRect: true, strictFileInteractability: false, timeouts: {implicit: 0, pageLoad: 300000, script: 30000}, unhandledPromptBehavior: dismiss and notify, webauthn:extension:credBlob: true, webauthn:extension:largeBlob: true, webauthn:extension:minPinLength: true, webauthn:extension:prf: true, webauthn:virtualAuthenticators: true}
Session ID: 03fc3183063e6968c0080353ee7df2c7
	at org.openqa.selenium.remote.http.jdk.JdkHttpClient.execute0(JdkHttpClient.java:402)
	at org.openqa.selenium.remote.http.AddSeleniumUserAgent.lambda$apply$0(AddSeleniumUserAgent.java:42)
	at org.openqa.selenium.remote.http.Filter.lambda$andFinally$1(Filter.java:55)
	at org.openqa.selenium.remote.http.jdk.JdkHttpClient.execute(JdkHttpClient.java:358)
	at org.openqa.selenium.remote.HttpCommandExecutor.execute(HttpCommandExecutor.java:187)
	at org.openqa.selenium.remote.service.DriverCommandExecutor.invokeExecute(DriverCommandExecutor.java:216)
	at org.openqa.selenium.remote.service.DriverCommandExecutor.execute(DriverCommandExecutor.java:174)
	at org.openqa.selenium.remote.RemoteWebDriver.execute(RemoteWebDriver.java:519)
	at org.openqa.selenium.remote.RemoteWebDriver.execute(RemoteWebDriver.java:592)
	at org.openqa.selenium.remote.RemoteWebDriver.execute(RemoteWebDriver.java:596)
	at org.openqa.selenium.remote.RemoteWebDriver.getScreenshotAs(RemoteWebDriver.java:322)
	at com.voices.stepDefinition.Hooks.addScreenshot(Hooks.java:28)
Caused by: java.util.concurrent.TimeoutException
	at java.base/java.util.concurrent.CompletableFuture.timedGet(CompletableFuture.java:1960)
	at java.base/java.util.concurrent.CompletableFuture.get(CompletableFuture.java:2095)
	at org.openqa.selenium.remote.http.jdk.JdkHttpClient.execute0(JdkHttpClient.java:385)
	at org.openqa.selenium.remote.http.AddSeleniumUserAgent.lambda$apply$0(AddSeleniumUserAgent.java:42)
	at org.openqa.selenium.remote.http.Filter.lambda$andFinally$1(Filter.java:55)
	at org.openqa.selenium.remote.http.jdk.JdkHttpClient.execute(JdkHttpClient.java:358)
	at org.openqa.selenium.remote.HttpCommandExecutor.execute(HttpCommandExecutor.java:187)
	at org.openqa.selenium.remote.service.DriverCommandExecutor.invokeExecute(DriverCommandExecutor.java:216)
	at org.openqa.selenium.remote.service.DriverCommandExecutor.execute(DriverCommandExecutor.java:174)
	at org.openqa.selenium.remote.RemoteWebDriver.execute(RemoteWebDriver.java:519)
	at org.openqa.selenium.remote.RemoteWebDriver.execute(RemoteWebDriver.java:592)
	at org.openqa.selenium.remote.RemoteWebDriver.execute(RemoteWebDriver.java:596)
	at org.openqa.selenium.remote.RemoteWebDriver.getScreenshotAs(RemoteWebDriver.java:322)
	at com.voices.stepDefinition.Hooks.addScreenshot(Hooks.java:28)
	at java.base/jdk.internal.reflect.NativeMethodAccessorImpl.invoke0(Native Method)
	at java.base/jdk.internal.reflect.NativeMethodAccessorImpl.invoke(NativeMethodAccessorImpl.java:77)
	at java.base/jdk.internal.reflect.DelegatingMethodAccessorImpl.invoke(DelegatingMethodAccessorImpl.java:43)
	at java.base/java.lang.reflect.Method.invoke(Method.java:568)
	at io.cucumber.java.Invoker.doInvoke(Invoker.java:66)
	at io.cucumber.java.Invoker.invoke(Invoker.java:24)
	at io.cucumber.java.AbstractGlueDefinition.invokeMethod(AbstractGlueDefinition.java:47)
	at io.cucumber.java.JavaHookDefinition.execute(JavaHookDefinition.java:64)
	at io.cucumber.core.runner.CoreHookDefinition.execute(CoreHookDefinition.java:46)
	at io.cucumber.core.runner.HookDefinitionMatch.runStep(HookDefinitionMatch.java:21)
	at io.cucumber.core.runner.ExecutionMode$1.execute(ExecutionMode.java:10)
	at io.cucumber.core.runner.TestStep.executeStep(TestStep.java:84)
	at io.cucumber.core.runner.TestStep.run(TestStep.java:56)
	at io.cucumber.core.runner.PickleStepTestStep.run(PickleStepTestStep.java:56)
	at io.cucumber.core.runner.TestCase.run(TestCase.java:84)
	at io.cucumber.core.runner.Runner.runPickle(Runner.java:75)
	at io.cucumber.junit.PickleRunners$NoStepDescriptions.lambda$run$0(PickleRunners.java:151)
	at io.cucumber.core.runtime.CucumberExecutionContext.lambda$runTestCase$5(CucumberExecutionContext.java:130)
	at io.cucumber.core.runtime.RethrowingThrowableCollector.executeAndThrow(RethrowingThrowableCollector.java:23)
	at io.cucumber.core.runtime.CucumberExecutionContext.runTestCase(CucumberExecutionContext.java:130)
	at io.cucumber.junit.PickleRunners$NoStepDescriptions.run(PickleRunners.java:148)
	at io.cucumber.junit.FeatureRunner.runChild(FeatureRunner.java:144)
	at io.cucumber.junit.FeatureRunner.runChild(FeatureRunner.java:28)
	at org.junit.runners.ParentRunner$4.run(ParentRunner.java:331)
	at org.junit.runners.ParentRunner$1.schedule(ParentRunner.java:79)
	at org.junit.runners.ParentRunner.runChildren(ParentRunner.java:329)
	at org.junit.runners.ParentRunner.access$100(ParentRunner.java:66)
	at org.junit.runners.ParentRunner$2.evaluate(ParentRunner.java:293)
	at org.junit.runners.ParentRunner$3.evaluate(ParentRunner.java:306)
	at org.junit.runners.ParentRunner.run(ParentRunner.java:413)
	at io.cucumber.junit.FeatureRunner.run(FeatureRunner.java:137)
	at io.cucumber.junit.Cucumber.runChild(Cucumber.java:196)
	at io.cucumber.junit.Cucumber.runChild(Cucumber.java:89)
	at org.junit.runners.ParentRunner$4.run(ParentRunner.java:331)
	at org.junit.runners.ParentRunner$1.schedule(ParentRunner.java:79)
	at org.junit.runners.ParentRunner.runChildren(ParentRunner.java:329)
	at org.junit.runners.ParentRunner.access$100(ParentRunner.java:66)
	at org.junit.runners.ParentRunner$2.evaluate(ParentRunner.java:293)
	at io.cucumber.junit.Cucumber$RunBeforeAllHooks.evaluate(Cucumber.java:266)
	at io.cucumber.junit.Cucumber$RunAfterAllHooks.evaluate(Cucumber.java:281)
	at io.cucumber.junit.Cucumber$StartTestRun.evaluate(Cucumber.java:233)
	at io.cucumber.junit.Cucumber$FinishTestRun.evaluate(Cucumber.java:248)
	at org.junit.runners.ParentRunner$3.evaluate(ParentRunner.java:306)
	at org.junit.runners.ParentRunner.run(ParentRunner.java:413)
	at org.junit.runner.JUnitCore.run(JUnitCore.java:137)
	at com.intellij.junit4.JUnit4IdeaTestRunner.startRunnerWithArgs(JUnit4IdeaTestRunner.java:69)
	at com.intellij.rt.junit.IdeaTestRunner$Repeater$1.execute(IdeaTestRunner.java:38)
	at com.intellij.rt.execution.junit.TestsRepeater.repeat(TestsRepeater.java:11)
	at com.intellij.rt.junit.IdeaTestRunner$Repeater.startRunnerWithArgs(IdeaTestRunner.java:35)
	at com.intellij.rt.junit.JUnitStarter.prepareStreamsAndStart(JUnitStarter.java:232)
	at com.intellij.rt.junit.JUnitStarter.main(JUnitStarter.java:55)
</textarea>
      
      </div>
              </div>
              <div class="step skip-bg" title="com.voices.stepDefinition.HyperLinkPage.HyperLinkPageSteps.user_validate_all_by_category_links_for_non_login_user()">
                <span>And User validate all by category links for non login user</span>
      <div>Step skipped
      </div>
              </div>
              <div class="step skip-bg" title="com.voices.stepDefinition.HyperLinkPage.HyperLinkPageSteps.user_validate_all_by_style_links_for_non_login_user()">
                <span>And User validate all by style links for non login user</span>
      <div>Step skipped
      </div>
              </div>
              <div class="step skip-bg" title="com.voices.stepDefinition.HyperLinkPage.HyperLinkPageSteps.user_validate_all_by_location_links_for_non_login_user()">
                <span>And User validate all by location links for non login user</span>
      <div>Step skipped
      </div>
              </div>
          </div>
        </div>
  </div>
  <div class="card">
    <div class="card-header" role="tab">
      <div class="card-title">
        <div class="node" id="33"><span class="badge log pass-bg mr-2">Pass</span>Validate All Footer Links For Non SignIn User</div>
      </div>
    </div>
        <div class="collapse">
          <div class="card-body">
              <div class="step pass-bg" title="com.voices.stepDefinition.HyperLinkPage.HyperLinkPageSteps.user_open_home_page()">
                <span>Given User Open Home Page</span>
      <div>
      </div>
              </div>
              <div class="step pass-bg" title="com.voices.stepDefinition.HyperLinkPage.HyperLinkPageSteps.user_validate_all_company_links_under_footer_for_non_sign_user()">
                <span>And User validate all company links under footer for Non Sign user</span>
      <div>
      </div>
              </div>
              <div class="step pass-bg" title="com.voices.stepDefinition.HyperLinkPage.HyperLinkPageSteps.user_validate_all_for_client_links_under_footer_for_non_sign_user()">
                <span>And User validate all for client links under footer for Non Sign user</span>
      <div>
      </div>
              </div>
              <div class="step pass-bg" title="com.voices.stepDefinition.HyperLinkPage.HyperLinkPageSteps.user_validate_all_for_talent_links_under_footer_for_non_sign_user()">
                <span>And User validate all for talent links under footer for Non Sign user</span>
      <div>
      </div>
              </div>
              <div class="step pass-bg" title="com.voices.stepDefinition.HyperLinkPage.HyperLinkPageSteps.user_validate_all_social_media_links_under_footer_for_non_sign_user()">
                <span>And User validate all social media links under footer for Non Sign user</span>
      <div>
      </div>
              </div>
              <div class="step pass-bg" title="com.voices.stepDefinition.HyperLinkPage.HyperLinkPageSteps.user_validate_all_footer_links_under_footer_for_non_sign_user()">
                <span>And User validate all footer links under footer for Non Sign user</span>
      <div>
      </div>
              </div>
          </div>
        </div>
  </div>
  <div class="card">
    <div class="card-header" role="tab">
      <div class="card-title">
        <div class="node" id="48"><span class="badge log pass-bg mr-2">Pass</span>Validate All HyerLink On Main Navigation Panel For Client SingIn User</div>
      </div>
    </div>
        <div class="collapse">
          <div class="card-body">
              <div class="step pass-bg" title="com.voices.stepDefinition.HyperLinkPage.HyperLinkPageSteps.user_open_home_page()">
                <span>Given User Open Home Page</span>
      <div>
      </div>
              </div>
              <div class="step pass-bg" title="com.voices.stepDefinition.HyperLinkPage.HyperLinkPageSteps.user_login_with_client_credentials()">
                <span>And User login with client credentials</span>
      <div>
      </div>
              </div>
              <div class="step pass-bg" title="com.voices.stepDefinition.HyperLinkPage.HyperLinkPageSteps.user_click_on_post_job_and_validate_search_text_and_url()">
                <span>And User Click on post job and Validate url open successfully</span>
      <div>
      </div>
              </div>
              <div class="step pass-bg" title="com.voices.stepDefinition.HyperLinkPage.HyperLinkPageSteps.user_click_on_jobs_and_validate_all_hyperlinks()">
                <span>And User Click on jobs and Validate all hyperlinks</span>
      <div>
      </div>
              </div>
              <div class="step pass-bg" title="com.voices.stepDefinition.HyperLinkPage.HyperLinkPageSteps.user_click_on_messages_and_notifications_hyperlinks()">
                <span>And User Click on Messages and Notifications hyperlinks</span>
      <div>
      </div>
              </div>
              <div class="step pass-bg" title="com.voices.stepDefinition.HyperLinkPage.HyperLinkPageSteps.user_click_on_user_icon_and_validate_all_hyperlinks()">
                <span>And User Click on user icon and Validate all hyperlinks</span>
      <div>
      </div>
              </div>
          </div>
        </div>
  </div>
  <div class="card">
    <div class="card-header" role="tab">
      <div class="card-title">
        <div class="node" id="63"><span class="badge log pass-bg mr-2">Pass</span>Validate All Hyperlink On Sub Navigation Panel For Client SignIn User</div>
      </div>
    </div>
        <div class="collapse">
          <div class="card-body">
              <div class="step pass-bg" title="com.voices.stepDefinition.HyperLinkPage.HyperLinkPageSteps.user_open_home_page()">
                <span>Given User Open Home Page</span>
      <div>
      </div>
              </div>
              <div class="step pass-bg" title="com.voices.stepDefinition.HyperLinkPage.HyperLinkPageSteps.user_login_with_client_credentials()">
                <span>And User login with client credentials</span>
      <div>
      </div>
              </div>
              <div class="step pass-bg" title="com.voices.stepDefinition.HyperLinkPage.HyperLinkPageSteps.validate_all_sub_module_hyperlink()">
                <span>Then Validate all sub module hyperlink</span>
      <div>
      </div>
              </div>
          </div>
        </div>
  </div>
  <div class="card">
    <div class="card-header" role="tab">
      <div class="card-title">
        <div class="node" id="72"><span class="badge log fail-bg mr-2">Fail</span>Validate All Hyperlink On Footer For Client SignIn User</div>
          <div class="status-avatar float-right mr-4">
            <i class="fa fa-paperclip"></i>
          </div>
      </div>
    </div>
        <div class="">
          <div class="card-body">
              <div class="step pass-bg" title="com.voices.stepDefinition.HyperLinkPage.HyperLinkPageSteps.user_open_home_page()">
                <span>Given User Open Home Page</span>
      <div>
      </div>
              </div>
              <div class="step fail-bg" title="com.voices.stepDefinition.HyperLinkPage.HyperLinkPageSteps.user_login_with_client_credentials()">
                <span>And User login with client credentials</span>
      <div>
        <textarea disabled class="code-block">org.openqa.selenium.TimeoutException: Expected condition failed: waiting for visibility of [[ChromeDriver: chrome on windows (42a64320ac1aa971b563d54f518a615c)] -> xpath: //input[@id='login-email']] (tried for 60 second(s) with 500 milliseconds interval)
Build info: version: '4.17.0', revision: 'e52b1be057*'
System info: os.name: 'Windows 10', os.arch: 'amd64', os.version: '10.0', java.version: '17.0.10'
Driver info: org.openqa.selenium.chrome.ChromeDriver
Capabilities {acceptInsecureCerts: false, browserName: chrome, browserVersion: 122.0.6261.95, chrome: {chromedriverVersion: 122.0.6261.94 (880dbf29479c..., userDataDir: C:\Users\Micky\AppData\Loca...}, fedcm:accounts: true, goog:chromeOptions: {debuggerAddress: localhost:54962}, networkConnectionEnabled: false, pageLoadStrategy: normal, platformName: windows, proxy: Proxy(), se:cdp: ws://localhost:54962/devtoo..., se:cdpVersion: 122.0.6261.95, setWindowRect: true, strictFileInteractability: false, timeouts: {implicit: 0, pageLoad: 300000, script: 30000}, unhandledPromptBehavior: dismiss and notify, webauthn:extension:credBlob: true, webauthn:extension:largeBlob: true, webauthn:extension:minPinLength: true, webauthn:extension:prf: true, webauthn:virtualAuthenticators: true}
Session ID: 42a64320ac1aa971b563d54f518a615c
	at org.openqa.selenium.support.ui.WebDriverWait.timeoutException(WebDriverWait.java:84)
	at org.openqa.selenium.support.ui.FluentWait.until(FluentWait.java:228)
	at com.voices.baseClass.BaseClass.waitForVisibility(BaseClass.java:77)
	at com.voices.pageObjects.HyperLinkPageObj.HyperLinkPage.userLogin(HyperLinkPage.java:151)
	at com.voices.stepDefinition.HyperLinkPage.HyperLinkPageSteps.user_login_with_client_credentials(HyperLinkPageSteps.java:82)
	at ✽.User login with client credentials(file:///C:/Users/Micky/Desktop/e2e_local/e2e_voices_local/src/test/resources/features/HyperLink.feature:42)
</textarea>
      
      </div>
              </div>
              <div class="step pass-bg" title="AFTER_STEP">
                <span>com.voices.stepDefinition.Hooks.addScreenshot(io.cucumber.java.Scenario)</span>
      <div>image
          <div class="row mb-3"><div class="col-md-3">
<img data-featherlight='../Screenshots/embedded1.png' src="../Screenshots/embedded1.png">
    
    </div></div>
</div>
      <div>
      </div>
              </div>
              <div class="step skip-bg" title="com.voices.stepDefinition.HyperLinkPage.HyperLinkPageSteps.user_validate_all_company_link_under_footer_of_page()">
                <span>Then User validate all company link under footer of page</span>
      <div>Step skipped
      </div>
              </div>
              <div class="step skip-bg" title="com.voices.stepDefinition.HyperLinkPage.HyperLinkPageSteps.user_validate_all_resources_link_under_footer_of_page()">
                <span>Then User validate all resources link under footer of page</span>
      <div>Step skipped
      </div>
              </div>
              <div class="step skip-bg" title="com.voices.stepDefinition.HyperLinkPage.HyperLinkPageSteps.user_validate_all_social_media_link_under_footer_of_page()">
                <span>Then User validate all social media link under footer of page</span>
      <div>Step skipped
      </div>
              </div>
              <div class="step skip-bg" title="com.voices.stepDefinition.HyperLinkPage.HyperLinkPageSteps.user_validate_all_footer_link_under_footer_of_page()">
                <span>Then User validate all footer link under footer of page</span>
      <div>Step skipped
      </div>
              </div>
          </div>
        </div>
  </div>
  <div class="card">
    <div class="card-header" role="tab">
      <div class="card-title">
        <div class="node" id="87"><span class="badge log fail-bg mr-2">Fail</span>Validate All HyerLink On Main Navigation Panel For Talent Guest SingIn User</div>
          <div class="status-avatar float-right mr-4">
            <i class="fa fa-paperclip"></i>
          </div>
      </div>
    </div>
        <div class="">
          <div class="card-body">
              <div class="step pass-bg" title="com.voices.stepDefinition.HyperLinkPage.HyperLinkPageSteps.user_open_home_page()">
                <span>Given User Open Home Page</span>
      <div>
      </div>
              </div>
              <div class="step pass-bg" title="com.voices.stepDefinition.HyperLinkPage.HyperLinkPageSteps.user_login_with_Talent_Guest_credentials()">
                <span>And User login with Talent Guest credentials</span>
      <div>
      </div>
              </div>
              <div class="step pass-bg" title="com.voices.stepDefinition.HyperLinkPage.HyperLinkPageSteps.user_over_on_jobs_and_Validate_all_hyperlinks()">
                <span>And User over on jobs and Validate all hyperlinks</span>
      <div>
      </div>
              </div>
              <div class="step pass-bg" title="com.voices.stepDefinition.HyperLinkPage.HyperLinkPageSteps.user_Click_on_payments_and_Validate_all_hyperlinks()">
                <span>And User Click on payments and Validate all hyperlinks</span>
      <div>
      </div>
              </div>
              <div class="step pass-bg" title="com.voices.stepDefinition.HyperLinkPage.HyperLinkPageSteps.user_Click_on_Messages_and_validate_hyperlinks()">
                <span>And User Click on Messages and validate hyperlinks</span>
      <div>
      </div>
              </div>
              <div class="step fail-bg" title="com.voices.stepDefinition.HyperLinkPage.HyperLinkPageSteps.user_Click_on_helps_and_Validate_all_hyperlinks()">
                <span>And User Click on helps and Validate all hyperlinks</span>
      <div>
        <textarea disabled class="code-block">org.junit.ComparisonFailure: Validate Menu Url expected:<....voices.systems/blog[/]> but was:<....voices.systems/blog[]>
	at org.junit.Assert.assertEquals(Assert.java:117)
	at com.voices.pageObjects.HyperLinkPageObj.HyperLinkPage.validateHelpMenuLinksForTalentUser(HyperLinkPage.java:406)
	at com.voices.stepDefinition.HyperLinkPage.HyperLinkPageSteps.user_Click_on_helps_and_Validate_all_hyperlinks(HyperLinkPageSteps.java:152)
	at ✽.User Click on helps and Validate all hyperlinks(file:///C:/Users/Micky/Desktop/e2e_local/e2e_voices_local/src/test/resources/features/HyperLink.feature:53)
</textarea>
      
      </div>
              </div>
              <div class="step pass-bg" title="AFTER_STEP">
                <span>com.voices.stepDefinition.Hooks.addScreenshot(io.cucumber.java.Scenario)</span>
      <div>image
          <div class="row mb-3"><div class="col-md-3">
<img data-featherlight='../Screenshots/embedded2.png' src="../Screenshots/embedded2.png">
    
    </div></div>
</div>
      <div>
      </div>
              </div>
              <div class="step skip-bg" title="com.voices.stepDefinition.HyperLinkPage.HyperLinkPageSteps.user_click_on_user_icon_and_validate_all_hyperlink()">
                <span>And User click on user icon and validate all hyperlink</span>
      <div>Step skipped
      </div>
              </div>
          </div>
        </div>
  </div>
  <div class="card">
    <div class="card-header" role="tab">
      <div class="card-title">
        <div class="node" id="104"><span class="badge log pass-bg mr-2">Pass</span>Validate All Hyperlink On Footer For Talent Guest SignIn User</div>
      </div>
    </div>
        <div class="collapse">
          <div class="card-body">
              <div class="step pass-bg" title="com.voices.stepDefinition.HyperLinkPage.HyperLinkPageSteps.user_open_home_page()">
                <span>Given User Open Home Page</span>
      <div>
      </div>
              </div>
              <div class="step pass-bg" title="com.voices.stepDefinition.HyperLinkPage.HyperLinkPageSteps.user_login_with_Talent_Guest_credentials()">
                <span>And User login with Talent Guest credentials</span>
      <div>
      </div>
              </div>
              <div class="step pass-bg" title="com.voices.stepDefinition.HyperLinkPage.HyperLinkPageSteps.user_validate_all_company_link_under_footer_of_page()">
                <span>Then User validate all company link under footer of page</span>
      <div>
      </div>
              </div>
              <div class="step pass-bg" title="com.voices.stepDefinition.HyperLinkPage.HyperLinkPageSteps.user_validate_all_resources_link_under_footer_of_page_for_talent_user()">
                <span>Then User validate all resources link under footer of page for talent user</span>
      <div>
      </div>
              </div>
              <div class="step pass-bg" title="com.voices.stepDefinition.HyperLinkPage.HyperLinkPageSteps.user_validate_all_social_media_link_under_footer_of_page()">
                <span>Then User validate all social media link under footer of page</span>
      <div>
      </div>
              </div>
              <div class="step pass-bg" title="com.voices.stepDefinition.HyperLinkPage.HyperLinkPageSteps.user_validate_all_footer_link_under_footer_of_page()">
                <span>Then User validate all footer link under footer of page</span>
      <div>
      </div>
              </div>
          </div>
        </div>
  </div>
</div>
          </div>
        </li>
      </ul>
    </div>
  </div>
<div class="test-content scrollable">
<div class="test-content-tools">
<ul><li><a class="back-to-test" href="#"><i class="fa fa-arrow-left"></i></a></li></ul>
</div>
<div class="test-content-detail"><div class="detail-body"></div></div>
</div></div>
<div class="test-wrapper row view exception-view attributes-view">
<div class="test-list">
<div class="test-list-tools">
<ul class="tools pull-left"><li><a href=""><span class="font-size-14">Exception</span></a></li></ul>
<ul class="tools text-right"><li><a href="#"><span class="badge badge-primary">2</span></a></li></ul>
</div>
<div class="test-list-wrapper scrollable">
<ul class="test-list-item">
<li class="test-item">
<div class="test-detail">
<span class="meta">
<span class='badge log badge-danger'>1</span>
</span>
<p class="name">org.junit.ComparisonFailure</p>
<p class="duration text-sm">1 tests</p>
</div>
<div class="test-contents d-none">
<div class="info">
<h4>org.junit.ComparisonFailure</h4>
<span status="fail" class='badge log badge-danger'>1 failed</span>
</div>
<table class='table table-sm mt-4'>
<thead>
<tr>
<th class="status-col">Status</th>
<th class="timestamp-col">Timestamp</th>
<th>TestName</th>
</tr>
</thead>
<tbody>
<tr class="tag-test-status" status="fail">
<td><span class="badge log fail-bg">Fail</span></td>
<td>20:51:45 pm</td>
<td>
<a href="#" class="linked" test-id='1' id='99'>And User Click on helps and Validate all hyperlinks</a>
<div class="">
<span class="badge badge-default">HyperLink Validation.Validate All HyerLink On Main Navigation Panel For Talent Guest SingIn User.And User Click on helps and Validate all hyperlinks</span>
</div>
</td>
</tr>
</tbody>
</table>
</div>
</li>
<li class="test-item">
<div class="test-detail">
<span class="meta">
<span class='badge log badge-danger'>3</span>
</span>
<p class="name">org.openqa.selenium.TimeoutException</p>
<p class="duration text-sm">3 tests</p>
</div>
<div class="test-contents d-none">
<div class="info">
<h4>org.openqa.selenium.TimeoutException</h4>
<span status="fail" class='badge log badge-danger'>3 failed</span>
</div>
<table class='table table-sm mt-4'>
<thead>
<tr>
<th class="status-col">Status</th>
<th class="timestamp-col">Timestamp</th>
<th>TestName</th>
</tr>
</thead>
<tbody>
<tr class="tag-test-status" status="fail">
<td><span class="badge log fail-bg">Fail</span></td>
<td>20:15:08 pm</td>
<td>
<a href="#" class="linked" test-id='1' id='24'>And User validate all by language links for non login user</a>
<div class="">
<span class="badge badge-default">HyperLink Validation.Validate Sub Footer For Non SignIn User.And User validate all by language links for non login user</span>
</div>
</td>
</tr>
<tr class="tag-test-status" status="fail">
<td><span class="badge log fail-bg">Fail</span></td>
<td>20:18:14 pm</td>
<td>
<a href="#" class="linked" test-id='1' id='25'>com.voices.stepDefinition.Hooks.addScreenshot(io.cucumber.java.Scenario)</a>
<div class="">
<span class="badge badge-default">HyperLink Validation.Validate Sub Footer For Non SignIn User.com.voices.stepDefinition.Hooks.addScreenshot(io.cucumber.java.Scenario)</span>
</div>
</td>
</tr>
<tr class="tag-test-status" status="fail">
<td><span class="badge log fail-bg">Fail</span></td>
<td>20:45:40 pm</td>
<td>
<a href="#" class="linked" test-id='1' id='76'>And User login with client credentials</a>
<div class="">
<span class="badge badge-default">HyperLink Validation.Validate All Hyperlink On Footer For Client SignIn User.And User login with client credentials</span>
</div>
</td>
</tr>
</tbody>
</table>
</div>
</li>
</ul>
</div>
</div>
<div class="test-content scrollable">
<div class="test-content-detail">
<div class="detail-body"></div>
</div>
</div>
</div><div class="test-wrapper row view category-view attributes-view">
<div class="test-list">
<div class="test-list-tools">
<ul class="tools pull-left"><li><a href=""><span class="font-size-14">Category</span></a></li></ul>
<ul class="tools text-right"><li><a href="#"><span class="badge badge-primary">1</span></a></li></ul>
</div>
<div class="test-list-wrapper scrollable">
<ul class="test-list-item">
<li class="test-item">
<div class="test-detail">
<span class="meta">
<span class='badge log pass-bg'>6</span>
<span class='badge log badge-danger'>3</span>
</span>
<p class="name">@HyperLink</p>
<p class="duration text-sm">9 tests</p>
</div>
<div class="test-contents d-none">
<div class="info">
<h4>@HyperLink</h4>
<span status="pass" class='badge log pass-bg'>6 passed</span>
<span status="fail" class='badge log badge-danger'>3 failed</span>
</div>
<table class='table table-sm mt-4'>
<thead>
<tr>
<th class="status-col">Status</th>
<th class="timestamp-col">Timestamp</th>
<th>TestName</th>
</tr>
</thead>
<tbody>
<tr class="tag-test-status" status="pass">
<td><span class="badge log pass-bg">Pass</span></td>
<td>20:00:06 pm</td>
<td>
<a href="#" class="linked" test-id='1' id='2'>Validate All Hyperlink On Main Navigation Panel For Non SignIn User</a>
<div class="">
<span class="badge badge-default">HyperLink Validation.Validate All Hyperlink On Main Navigation Panel For Non SignIn User</span>
</div>
</td>
</tr>
<tr class="tag-test-status" status="pass">
<td><span class="badge log pass-bg">Pass</span></td>
<td>20:01:43 pm</td>
<td>
<a href="#" class="linked" test-id='1' id='13'>Validate All Hyperlink On Sub Navigation Panel For Non SignIn User</a>
<div class="">
<span class="badge badge-default">HyperLink Validation.Validate All Hyperlink On Sub Navigation Panel For Non SignIn User</span>
</div>
</td>
</tr>
<tr class="tag-test-status" status="fail">
<td><span class="badge log fail-bg">Fail</span></td>
<td>20:14:51 pm</td>
<td>
<a href="#" class="linked" test-id='1' id='20'>Validate Sub Footer For Non SignIn User</a>
<div class="">
<span class="badge badge-default">HyperLink Validation.Validate Sub Footer For Non SignIn User</span>
</div>
</td>
</tr>
<tr class="tag-test-status" status="pass">
<td><span class="badge log pass-bg">Pass</span></td>
<td>20:21:36 pm</td>
<td>
<a href="#" class="linked" test-id='1' id='33'>Validate All Footer Links For Non SignIn User</a>
<div class="">
<span class="badge badge-default">HyperLink Validation.Validate All Footer Links For Non SignIn User</span>
</div>
</td>
</tr>
<tr class="tag-test-status" status="pass">
<td><span class="badge log pass-bg">Pass</span></td>
<td>20:28:05 pm</td>
<td>
<a href="#" class="linked" test-id='1' id='48'>Validate All HyerLink On Main Navigation Panel For Client SingIn User</a>
<div class="">
<span class="badge badge-default">HyperLink Validation.Validate All HyerLink On Main Navigation Panel For Client SingIn User</span>
</div>
</td>
</tr>
<tr class="tag-test-status" status="pass">
<td><span class="badge log pass-bg">Pass</span></td>
<td>20:32:18 pm</td>
<td>
<a href="#" class="linked" test-id='1' id='63'>Validate All Hyperlink On Sub Navigation Panel For Client SignIn User</a>
<div class="">
<span class="badge badge-default">HyperLink Validation.Validate All Hyperlink On Sub Navigation Panel For Client SignIn User</span>
</div>
</td>
</tr>
<tr class="tag-test-status" status="fail">
<td><span class="badge log fail-bg">Fail</span></td>
<td>20:45:23 pm</td>
<td>
<a href="#" class="linked" test-id='1' id='72'>Validate All Hyperlink On Footer For Client SignIn User</a>
<div class="">
<span class="badge badge-default">HyperLink Validation.Validate All Hyperlink On Footer For Client SignIn User</span>
</div>
</td>
</tr>
<tr class="tag-test-status" status="fail">
<td><span class="badge log fail-bg">Fail</span></td>
<td>20:48:07 pm</td>
<td>
<a href="#" class="linked" test-id='1' id='87'>Validate All HyerLink On Main Navigation Panel For Talent Guest SingIn User</a>
<div class="">
<span class="badge badge-default">HyperLink Validation.Validate All HyerLink On Main Navigation Panel For Talent Guest SingIn User</span>
</div>
</td>
</tr>
<tr class="tag-test-status" status="pass">
<td><span class="badge log pass-bg">Pass</span></td>
<td>20:53:33 pm</td>
<td>
<a href="#" class="linked" test-id='1' id='104'>Validate All Hyperlink On Footer For Talent Guest SignIn User</a>
<div class="">
<span class="badge badge-default">HyperLink Validation.Validate All Hyperlink On Footer For Talent Guest SignIn User</span>
</div>
</td>
</tr>
</tbody>
</table>
</div>
</li>
</ul>
</div>
</div>
<div class="test-content scrollable">
<div class="test-content-detail">
<div class="detail-body"></div>
</div>
</div>
</div><div class="container-fluid p-4 view dashboard-view">
<div class="row">
<div class="col-md-3">
<div class="card"><div class="card-body">
<p class="m-b-0">Started</p>
<h3>Mar 4, 2024 08:00:01 pm</h3>
</div></div>
</div>
<div class="col-md-3">
<div class="card"><div class="card-body">
<p class="m-b-0">Ended</p>
<h3>Mar 4, 2024 09:01:02 pm</h3>
</div></div>
</div>
<div class="col-md-3">
<div class="card"><div class="card-body">
<p class="m-b-0 text-pass">Features Passed</p>
<h3>0</h3>
</div></div>
</div>
<div class="col-md-3">
<div class="card"><div class="card-body">
<p class="m-b-0 text-fail">Features Failed</p>
<h3>1</h3>
</div></div>
</div>
</div>
<div class="row">
<div class="col-md-4">
<div class="card">
<div class="card-header">
<h6 class="card-title">Features</h6>
</div>
<div class="card-body">
<div class="">
<canvas id='parent-analysis' width='115' height='90'></canvas>
</div>
</div>
<div class="card-footer">
<div><small data-tooltip='0%'>
<b>0</b> features passed
</small>
</div>
<div>
<small data-tooltip='100%'><b>1</b> features failed,
<b>0</b> skipped, <b data-tooltip='0%'>0</b> others
</small>
</div>
</div>
</div>
</div>
<div class="col-md-4">
<div class="card">
<div class="card-header">
<h6 class="card-title">Scenarios</h6>
</div>
<div class="card-body">
<div class="">
<canvas id='child-analysis' width='115' height='90'></canvas>
</div>
</div>
<div class="card-footer">
<div><small data-tooltip='66%'><b>6</b> scenarios passed</small></div>
<div>
<small data-tooltip='33%'><b>3</b> scenarios failed,
<b>0</b> skipped, <b data-tooltip='%'>0</b> others
</small>
</div>
</div>
</div>
</div>
<div class="col-md-4">
<div class="card">
<div class="card-header">
<h6 class="card-title">Steps</h6>
</div>
<div class="card-body">
<div class="">
<canvas id='grandchild-analysis' width='115' height='90'></canvas>
</div>
</div>
<div class="card-footer">
<div><small data-tooltip='75%'><b>36</b> steps passed</small></div>
<div>
<small data-tooltip='8%'><b>4</b> steps failed,
<b>8</b> skipped, <b data-tooltip='%'>0</b> others
</small>
</div>
</div>
</div>
</div>
</div>
<div class="row"><div class="col-md-12">
<div class="card"><div class="card-header"><p>Timeline</p></div>
<div class="card-body pt-0"><div>
<canvas id="timeline" height="120"></canvas>
</div></div>
</div>
</div></div>
<script>
var timeline = {
"HyperLink Validation":3655.169
};
</script>
<div class="row">
<div class="col-lg-6 col-md-12 category-container">
<div class="card">
<div class="card-header"><p>Tags</p></div>
<div class="card-body pb-0 pt-0"><table class="table table-sm table-bordered">
<thead><tr class="bg-gray"><th>Name</th><th>Passed</th><th>Failed</th><th>Skipped</th><th>Others</th><th>Passed %</th></tr></thead><tbody>
<tr>
<td>@HyperLink</td>
<td>6</td>
<td>3</td>
<td>0</td>
<td>0</td>
<td>66.667%</td>
</tr>
</tbody>
</table></div>
</div>
</div>
</div>
</div>
<script>
var statusGroup = {
parentCount: 5,
passParent: 0,
failParent: 1,
warningParent: 0,
skipParent: 0,
childCount: 5,
passChild: 6,
failChild: 3,
warningChild: 0,
skipChild: 0,
infoChild: 0,
grandChildCount: 5,
passGrandChild: 36,
failGrandChild: 4,
warningGrandChild: 0,
skipGrandChild: 8,
infoGrandChild: 0,
eventsCount: 5,
};
</script>        </div>
      </div>
    </div>
  </div>
<script src="https://cdn.jsdelivr.net/gh/extent-framework/extent-github-cdn@d6562a79075e061305ccfdb82f01e5e195e2d307/spark/js/spark-script.js"></script>
<script type="text/javascript"></script></body>
</html>